<?xml version="1.0" encoding="UTF-8"?>
<!-- Generated by org.testng.reporters.JUnitReportReporter -->
<testsuite skipped="0" hostname="DESKTOP-KUCKB7O" name="tests.LocalTests" tests="1" failures="0" timestamp="2022-10-11T19:43:55 CEST" time="1.218" errors="0">
  <testcase name="setLocaleToES" time="1.218" classname="tests.LocalTests"/>
  <system-out/>
</testsuite> <!-- tests.LocalTests -->
