<?xml version="1.0" encoding="UTF-8"?>
<!-- Generated by org.testng.reporters.JUnitReportReporter -->
<testsuite skipped="0" hostname="DESKTOP-KUCKB7O" name="tests.SignupTests" tests="1" failures="0" timestamp="2022-10-10T20:51:56 CEST" time="1.101" errors="0">
  <testcase name="visitsTheSignupPage" time="1.101" classname="tests.SignupTests"/>
  <system-out/>
</testsuite> <!-- tests.SignupTests -->
