<?xml version="1.0" encoding="UTF-8"?>
<!-- Generated by org.testng.reporters.JUnitReportReporter -->
<testsuite skipped="0" hostname="DESKTOP-KUCKB7O" name="itbootcamp_final_selenium_project.Proba" tests="1" failures="0" timestamp="2022-10-08T09:37:11 CEST" time="0.008" errors="0">
  <testcase name="test1" time="0.008" classname="itbootcamp_final_selenium_project.Proba"/>
  <system-out/>
</testsuite> <!-- itbootcamp_final_selenium_project.Proba -->
