<?xml version="1.0" encoding="UTF-8"?>
<!-- Generated by org.testng.reporters.JUnitReportReporter -->
<testsuite skipped="0" hostname="DESKTOP-KUCKB7O" name="tests.SignupTests" tests="1" failures="0" timestamp="2022-10-10T21:09:49 CEST" time="1.979" errors="0">
  <testcase name="checksInputTypes" time="1.979" classname="tests.SignupTests"/>
  <system-out/>
</testsuite> <!-- tests.SignupTests -->
