<?xml version="1.0" encoding="UTF-8"?>
<!-- Generated by org.testng.reporters.JUnitReportReporter -->
<testsuite skipped="0" hostname="DESKTOP-KUCKB7O" name="tests.LocalTests" tests="4" failures="0" timestamp="2022-10-11T19:53:45 CEST" time="3.005" errors="0">
  <testcase name="setLocaleToES" time="1.230" classname="tests.LocalTests"/>
  <system-out/>
  <testcase name="setLocaleToEN" time="0.598" classname="tests.LocalTests"/>
  <system-out/>
  <testcase name="setLocaleToCN" time="0.613" classname="tests.LocalTests"/>
  <system-out/>
  <testcase name="setLocaleToFR" time="0.564" classname="tests.LocalTests"/>
  <system-out/>
</testsuite> <!-- tests.LocalTests -->
