<?xml version="1.0" encoding="UTF-8"?>
<!-- Generated by org.testng.reporters.JUnitReportReporter -->
<testsuite skipped="0" hostname="DESKTOP-KUCKB7O" name="tests.AuthRoutesTests" tests="2" failures="0" timestamp="2022-10-11T19:24:05 CEST" time="2.659" errors="0">
  <testcase name="forbidsVisitsToHomeUrlIfNotAuthenticated" time="0.711" classname="tests.AuthRoutesTests"/>
  <system-out/>
  <testcase name="forbidsVisitsToProfileUrlIfNotAuthenticated" time="1.948" classname="tests.AuthRoutesTests"/>
  <system-out/>
</testsuite> <!-- tests.AuthRoutesTests -->
