<?xml version="1.0" encoding="UTF-8"?>
<!-- Generated by org.testng.reporters.JUnitReportReporter -->
<testsuite skipped="0" hostname="DESKTOP-KUCKB7O" name="tests.LocalTests" tests="2" failures="0" timestamp="2022-10-11T19:48:54 CEST" time="1.857" errors="0">
  <testcase name="setLocaleToES" time="0.739" classname="tests.LocalTests"/>
  <system-out/>
  <testcase name="setLocaleToEN" time="1.118" classname="tests.LocalTests"/>
  <system-out/>
</testsuite> <!-- tests.LocalTests -->
