<?xml version="1.0" encoding="UTF-8"?>
<!-- Generated by org.testng.reporters.JUnitReportReporter -->
<testsuite skipped="0" hostname="DESKTOP-KUCKB7O" name="tests.AdminCitiesTests" tests="2" failures="0" timestamp="2022-10-11T18:19:05 CEST" time="3.341" errors="0">
  <testcase name="visitsTheAdminCitiesPageAndListCities" time="2.099" classname="tests.AdminCitiesTests"/>
  <system-out/>
  <testcase name="checksInputTypesForCreateOrEditNewCity" time="1.242" classname="tests.AdminCitiesTests"/>
  <system-out/>
</testsuite> <!-- tests.AdminCitiesTests -->
