<?xml version="1.0" encoding="UTF-8"?>
<!-- Generated by org.testng.reporters.JUnitReportReporter -->
<testsuite skipped="0" hostname="DESKTOP-KUCKB7O" name="tests.AuthRoutesTests" tests="4" failures="0" timestamp="2022-10-11T19:27:25 CEST" time="3.841" errors="0">
  <testcase name="forbidsVisitsToHomeUrlIfNotAuthenticated" time="0.718" classname="tests.AuthRoutesTests"/>
  <system-out/>
  <testcase name="forbidsVisitsToProfileUrlIfNotAuthenticated" time="0.599" classname="tests.AuthRoutesTests"/>
  <system-out/>
  <testcase name="forbidsVisitsToAdminCitiesUrlIfNotAuthenticated" time="0.607" classname="tests.AuthRoutesTests"/>
  <system-out/>
  <testcase name="forbidsVisitsToAdminUsersUrlIfNotAuthenticated" time="1.917" classname="tests.AuthRoutesTests"/>
  <system-out/>
</testsuite> <!-- tests.AuthRoutesTests -->
