<?xml version="1.0" encoding="UTF-8"?>
<!-- Generated by org.testng.reporters.JUnitReportReporter -->
<testsuite skipped="0" hostname="DESKTOP-KUCKB7O" name="tests.LoginTests" tests="1" failures="0" timestamp="2022-10-10T19:45:15 CEST" time="1.597" errors="0">
  <testcase name="visitsTheLoginPage" time="1.597" classname="tests.LoginTests"/>
  <system-out/>
</testsuite> <!-- tests.LoginTests -->
