<?xml version="1.0" encoding="UTF-8"?>
<!-- Generated by org.testng.reporters.JUnitReportReporter -->
<testsuite skipped="0" hostname="DESKTOP-KUCKB7O" name="tests.AdminCitiesTests" tests="2" failures="0" timestamp="2022-10-11T18:59:11 CEST" time="9.046" errors="0">
  <testcase name="visitsTheAdminCitiesPageAndListCities" time="2.040" classname="tests.AdminCitiesTests"/>
  <system-out/>
  <testcase name="editCity" time="7.006" classname="tests.AdminCitiesTests"/>
  <system-out/>
</testsuite> <!-- tests.AdminCitiesTests -->
