<?xml version="1.0" encoding="UTF-8"?>
<!-- Generated by org.testng.reporters.JUnitReportReporter -->
<testsuite skipped="0" hostname="DESKTOP-KUCKB7O" name="tests.AuthRoutesTests" tests="1" failures="0" timestamp="2022-10-11T19:22:12 CEST" time="1.928" errors="0">
  <testcase name="forbidsVisitsToHomeUrlIfNotAuthenticated" time="1.928" classname="tests.AuthRoutesTests"/>
  <system-out/>
</testsuite> <!-- tests.AuthRoutesTests -->
