<?xml version="1.0" encoding="UTF-8"?>
<!-- Generated by org.testng.reporters.JUnitReportReporter -->
<testsuite skipped="0" hostname="DESKTOP-KUCKB7O" name="tests.AdminCitiesTests" tests="1" failures="0" timestamp="2022-10-11T18:05:04 CEST" time="2.166" errors="0">
  <testcase name="visitsTheAdminCitiesPageAndListCities" time="2.166" classname="tests.AdminCitiesTests"/>
  <system-out/>
</testsuite> <!-- tests.AdminCitiesTests -->
