<?xml version="1.0" encoding="UTF-8"?>
<!-- Generated by org.testng.reporters.JUnitReportReporter -->
<testsuite skipped="0" hostname="DESKTOP-KUCKB7O" name="tests.LoginTests" tests="1" failures="0" timestamp="2022-10-10T20:10:40 CEST" time="2.654" errors="0">
  <testcase name="displaysErrorsWhenPasswordIsWrong" time="2.654" classname="tests.LoginTests"/>
  <system-out/>
</testsuite> <!-- tests.LoginTests -->
