<?xml version="1.0" encoding="UTF-8"?>
<!-- Generated by org.testng.reporters.JUnitReportReporter -->
<testsuite skipped="0" hostname="DESKTOP-KUCKB7O" name="tests.LoginTests" tests="1" failures="0" timestamp="2022-10-10T20:23:36 CEST" time="1.972" errors="0">
  <testcase name="login" time="1.972" classname="tests.LoginTests"/>
  <system-out/>
</testsuite> <!-- tests.LoginTests -->
