<?xml version="1.0" encoding="UTF-8"?>
<!-- Generated by org.testng.reporters.JUnitReportReporter -->
<testsuite skipped="0" hostname="DESKTOP-KUCKB7O" name="tests.LoginTests" tests="1" failures="0" timestamp="2022-10-10T20:06:54 CEST" time="2.352" errors="0">
  <testcase name="displaysErrorsWhenUserDoesNotExist" time="2.352" classname="tests.LoginTests"/>
  <system-out/>
</testsuite> <!-- tests.LoginTests -->
