<?xml version="1.0" encoding="UTF-8"?>
<!-- Generated by org.testng.reporters.JUnitReportReporter -->
<testsuite skipped="0" hostname="DESKTOP-KUCKB7O" name="tests.AdminCitiesTests" tests="3" failures="0" timestamp="2022-10-11T18:36:19 CEST" time="4.803" errors="0">
  <testcase name="visitsTheAdminCitiesPageAndListCities" time="2.167" classname="tests.AdminCitiesTests"/>
  <system-out/>
  <testcase name="checksInputTypesForCreateOrEditNewCity" time="0.753" classname="tests.AdminCitiesTests"/>
  <system-out/>
  <testcase name="createNewCity" time="1.883" classname="tests.AdminCitiesTests"/>
  <system-out/>
</testsuite> <!-- tests.AdminCitiesTests -->
