<?xml version="1.0" encoding="UTF-8"?>
<!-- Generated by org.testng.reporters.JUnitReportReporter -->
<testsuite skipped="0" hostname="DESKTOP-KUCKB7O" name="tests.LoginTests" tests="2" failures="0" timestamp="2022-10-10T20:29:28 CEST" time="2.829" errors="0">
  <testcase name="login" time="2.460" classname="tests.LoginTests"/>
  <system-out/>
  <testcase name="logout" time="0.369" classname="tests.LoginTests"/>
  <system-out/>
</testsuite> <!-- tests.LoginTests -->
