<?xml version="1.0" encoding="UTF-8"?>
<!-- Generated by org.testng.reporters.JUnitReportReporter -->
<testsuite skipped="0" hostname="DESKTOP-KUCKB7O" name="tests.LocalTests" tests="3" failures="0" timestamp="2022-10-11T19:52:06 CEST" time="2.943" errors="0">
  <testcase name="setLocaleToES" time="1.675" classname="tests.LocalTests"/>
  <system-out/>
  <testcase name="setLocaleToEN" time="0.650" classname="tests.LocalTests"/>
  <system-out/>
  <testcase name="setLocaleToCN" time="0.618" classname="tests.LocalTests"/>
  <system-out/>
</testsuite> <!-- tests.LocalTests -->
